d:\source\krypt\krypt\x64\release\vc143.pdb
d:\source\krypt\krypt\x64\release\main.obj
d:\source\krypt\krypt\x64\release\imgui_impl_win32.obj
d:\source\krypt\krypt\x64\release\imgui_impl_dx11.obj
d:\source\krypt\krypt\x64\release\clicker.obj
d:\source\krypt\krypt\x64\release\imgui_widgets.obj
d:\source\krypt\krypt\x64\release\imgui_tables.obj
d:\source\krypt\krypt\x64\release\imgui_draw.obj
d:\source\krypt\krypt\x64\release\imgui_demo.obj
d:\source\krypt\krypt\x64\release\imgui.obj
d:\source\krypt\krypt\x64\release\reach.obj
d:\source\krypt\x64\release\krypt.exe
d:\source\krypt\krypt\x64\release\krypt.ipdb
d:\source\krypt\x64\release\krypt.pdb
d:\source\krypt\krypt\x64\release\krypt.iobj
d:\source\krypt\krypt\x64\release\krypt.tlog\cl.command.1.tlog
d:\source\krypt\krypt\x64\release\krypt.tlog\cl.read.1.tlog
d:\source\krypt\krypt\x64\release\krypt.tlog\cl.write.1.tlog
d:\source\krypt\krypt\x64\release\krypt.tlog\link.command.1.tlog
d:\source\krypt\krypt\x64\release\krypt.tlog\link.read.1.tlog
d:\source\krypt\krypt\x64\release\krypt.tlog\link.write.1.tlog
